<?xml version="1.0" encoding="UTF-8"?>
<!-- Generated by org.testng.reporters.JUnitReportReporter -->
<testsuite hostname="WIN-7N1DHQLM960" failures="0" tests="1" name="testngpackage.FirstTestngClass" time="10.463" errors="0" timestamp="2024-02-22T20:39:46 IST" skipped="0">
  <testcase classname="testngpackage.FirstTestngClass" name="f" time="10.463"/>
</testsuite> <!-- testngpackage.FirstTestngClass -->
